<?xml version="1.0" encoding="UTF-8"?>
<testsuite xmlns:xsi="http://www.w3.org/2001/XMLSchema-instance" xsi:noNamespaceSchemaLocation="https://maven.apache.org/surefire/maven-surefire-plugin/xsd/surefire-test-report.xsd" version="3.0.2" name="com.ChatAppTests" time="2.827" tests="1" errors="0" skipped="0" failures="0">
  <properties>
[...]
</properties>
  <testcase name="contextLoads" classname="com.ChatAppTests" time="0.407">
    <system-out><![CDATA[Standard Commons Logging discovery in action with spring-jcl: please remove commons-logging.jar from classpath in order to avoid potential conflicts
22:42:37.632 [main] INFO org.springframework.test.context.support.AnnotationConfigContextLoaderUtils -- Could not detect default configuration classes for test class [com.ChatAppTests]: ChatAppTests does not declare any static, non-private, non-final, nested classes annotated with @Configuration.
22:42:37.725 [main] INFO org.springframework.boot.test.context.SpringBootTestContextBootstrapper -- Found @SpringBootConfiguration com.ChatApp for test class com.ChatAppTests
22:42:37.800 [main] INFO org.springframework.boot.devtools.restart.RestartApplicationListener -- Restart disabled due to context in which it is running

  .   ____          _            __ _ _
 /\\ / ___'_ __ _ _(_)_ __  __ _ \ \ \ \
( ( )\___ | '_ | '_| | '_ \/ _` | \ \ \ \
 \\/  ___)| |_)| | | | | || (_| |  ) ) ) )
  '  |____| .__|_| |_|_| |_\__, | / / / /
 =========|_|==============|___/=/_/_/_/

 :: Spring Boot ::                (v3.5.4)

2025-08-12T22:42:37.925+03:00  INFO 90968 --- [ChatApp] [           main] com.ChatAppTests                         : Starting ChatAppTests using Java 24.0.2 with PID 90968 (started by fahedabukaf in /Users/fahedabukaf/Desktop/chat--app/Backend)
2025-08-12T22:42:37.926+03:00  INFO 90968 --- [ChatApp] [           main] com.ChatAppTests                         : No active profile set, falling back to 1 default profile: "default"
2025-08-12T22:42:38.755+03:00  INFO 90968 --- [ChatApp] [           main] .s.d.r.c.RepositoryConfigurationDelegate : Bootstrapping Spring Data MongoDB repositories in DEFAULT mode.
2025-08-12T22:42:38.934+03:00  INFO 90968 --- [ChatApp] [           main] .s.d.r.c.RepositoryConfigurationDelegate : Finished Spring Data repository scanning in 175 ms. Found 2 MongoDB repository interfaces.
Firebase Admin SDK initialized successfully
2025-08-12T22:42:39.376+03:00  INFO 90968 --- [ChatApp] [0n4.mongodb.net] org.mongodb.driver.cluster               : Adding discovered server ac-yqsentr-shard-00-00.z7wl0n4.mongodb.net:27017 to client view of cluster
2025-08-12T22:42:39.386+03:00  INFO 90968 --- [ChatApp] [           main] org.mongodb.driver.client                : MongoClient with metadata {"driver": {"name": "mongo-java-driver|sync|spring-boot", "version": "5.5.1"}, "os": {"type": "Darwin", "name": "Mac OS X", "architecture": "aarch64", "version": "15.6"}, "platform": "Java/Homebrew/24.0.2"} created with settings MongoClientSettings{readPreference=primary, writeConcern=WriteConcern{w=majority, wTimeout=null ms, journal=null}, retryWrites=true, retryReads=true, readConcern=ReadConcern{level=null}, credential=MongoCredential{mechanism=null, userName='fahedabukaf', source='admin', password=<hidden>, mechanismProperties=<hidden>}, transportSettings=null, commandListeners=[], codecRegistry=ProvidersCodecRegistry{codecProviders=[ValueCodecProvider{}, BsonValueCodecProvider{}, DBRefCodecProvider{}, DBObjectCodecProvider{}, DocumentCodecProvider{}, CollectionCodecProvider{}, IterableCodecProvider{}, MapCodecProvider{}, GeoJsonCodecProvider{}, GridFSFileCodecProvider{}, Jsr310CodecProvider{}, JsonObjectCodecProvider{}, BsonCodecProvider{}, EnumCodecProvider{}, com.mongodb.client.model.mql.ExpressionCodecProvider@13d7d1a8, com.mongodb.Jep395RecordCodecProvider@60035f1e, com.mongodb.KotlinCodecProvider@5827908c]}, loggerSettings=LoggerSettings{maxDocumentLength=1000}, clusterSettings={hosts=[127.0.0.1:27017], srvHost=cluster0.z7wl0n4.mongodb.net, srvServiceName=mongodb, mode=MULTIPLE, requiredClusterType=REPLICA_SET, requiredReplicaSetName='atlas-azxgws-shard-0', serverSelector='null', clusterListeners='[]', serverSelectionTimeout='30000 ms', localThreshold='15 ms'}, socketSettings=SocketSettings{connectTimeoutMS=10000, readTimeoutMS=0, receiveBufferSize=0, proxySettings=ProxySettings{host=null, port=null, username=null, password=null}}, heartbeatSocketSettings=SocketSettings{connectTimeoutMS=10000, readTimeoutMS=10000, receiveBufferSize=0, proxySettings=ProxySettings{host=null, port=null, username=null, password=null}}, connectionPoolSettings=ConnectionPoolSettings{maxSize=100, minSize=0, maxWaitTimeMS=120000, maxConnectionLifeTimeMS=0, maxConnectionIdleTimeMS=0, maintenanceInitialDelayMS=0, maintenanceFrequencyMS=60000, connectionPoolListeners=[], maxConnecting=2}, serverSettings=ServerSettings{heartbeatFrequencyMS=10000, minHeartbeatFrequencyMS=500, serverMonitoringMode=AUTO, serverListeners='[]', serverMonitorListeners='[]'}, sslSettings=SslSettings{enabled=true, invalidHostNameAllowed=false, context=null}, applicationName='null', compressorList=[], uuidRepresentation=JAVA_LEGACY, serverApi=null, autoEncryptionSettings=null, dnsClient=null, inetAddressResolver=null, contextProvider=null, timeoutMS=null}
2025-08-12T22:42:39.389+03:00  INFO 90968 --- [ChatApp] [0n4.mongodb.net] org.mongodb.driver.cluster               : Adding discovered server ac-yqsentr-shard-00-02.z7wl0n4.mongodb.net:27017 to client view of cluster
2025-08-12T22:42:39.390+03:00  INFO 90968 --- [ChatApp] [0n4.mongodb.net] org.mongodb.driver.cluster               : Adding discovered server ac-yqsentr-shard-00-01.z7wl0n4.mongodb.net:27017 to client view of cluster
2025-08-12T22:42:39.795+03:00  WARN 90968 --- [ChatApp] [           main] .s.s.UserDetailsServiceAutoConfiguration : 

Using generated security password: 10159a28-1254-473c-a143-86c97f0acd25

This generated password is for development use only. Your security configuration must be updated before running your application in production.

2025-08-12T22:42:39.798+03:00  INFO 90968 --- [ChatApp] [           main] r$InitializeUserDetailsManagerConfigurer : Global AuthenticationManager configured with UserDetailsService bean with name inMemoryUserDetailsManager
2025-08-12T22:42:39.961+03:00  INFO 90968 --- [ChatApp] [           main] o.s.m.s.b.SimpleBrokerMessageHandler     : Starting...
2025-08-12T22:42:39.962+03:00  INFO 90968 --- [ChatApp] [           main] o.s.m.s.b.SimpleBrokerMessageHandler     : BrokerAvailabilityEvent[available=true, SimpleBrokerMessageHandler [org.springframework.messaging.simp.broker.DefaultSubscriptionRegistry@281e2637]]
2025-08-12T22:42:39.962+03:00  INFO 90968 --- [ChatApp] [           main] o.s.m.s.b.SimpleBrokerMessageHandler     : Started.
2025-08-12T22:42:39.967+03:00  INFO 90968 --- [ChatApp] [           main] com.ChatAppTests                         : Started ChatAppTests in 2.174 seconds (process running for 2.711)
2025-08-12T22:42:40.195+03:00  INFO 90968 --- [ChatApp] [ngodb.net:27017] org.mongodb.driver.cluster               : Monitor thread successfully connected to server with description ServerDescription{address=ac-yqsentr-shard-00-02.z7wl0n4.mongodb.net:27017, type=REPLICA_SET_PRIMARY, cryptd=false, state=CONNECTED, ok=true, minWireVersion=0, maxWireVersion=25, maxDocumentSize=16777216, logicalSessionTimeoutMinutes=30, roundTripTimeNanos=525503375, minRoundTripTimeNanos=0, setName='atlas-azxgws-shard-0', canonicalAddress=ac-yqsentr-shard-00-02.z7wl0n4.mongodb.net:27017, hosts=[ac-yqsentr-shard-00-00.z7wl0n4.mongodb.net:27017, ac-yqsentr-shard-00-01.z7wl0n4.mongodb.net:27017, ac-yqsentr-shard-00-02.z7wl0n4.mongodb.net:27017], passives=[], arbiters=[], primary='ac-yqsentr-shard-00-02.z7wl0n4.mongodb.net:27017', tagSet=TagSet{[Tag{name='availabilityZone', value='mes1-az3'}, Tag{name='diskState', value='READY'}, Tag{name='nodeType', value='ELECTABLE'}, Tag{name='provider', value='AWS'}, Tag{name='region', value='ME_SOUTH_1'}, Tag{name='workloadType', value='OPERATIONAL'}]}, electionId=7fffffff0000000000000018, setVersion=4, topologyVersion=TopologyVersion{processId=689b6e5450bdbe9a587107ee, counter=6}, lastWriteDate=Tue Aug 12 22:42:39 IDT 2025, lastUpdateTimeNanos=25057050475875}
2025-08-12T22:42:40.197+03:00  INFO 90968 --- [ChatApp] [ngodb.net:27017] org.mongodb.driver.cluster               : Discovered replica set primary ac-yqsentr-shard-00-02.z7wl0n4.mongodb.net:27017 with max election id 7fffffff0000000000000018 and max set version 4
2025-08-12T22:42:40.371+03:00  INFO 90968 --- [ChatApp] [ngodb.net:27017] org.mongodb.driver.cluster               : Monitor thread successfully connected to server with description ServerDescription{address=ac-yqsentr-shard-00-01.z7wl0n4.mongodb.net:27017, type=REPLICA_SET_SECONDARY, cryptd=false, state=CONNECTED, ok=true, minWireVersion=0, maxWireVersion=25, maxDocumentSize=16777216, logicalSessionTimeoutMinutes=30, roundTripTimeNanos=407224625, minRoundTripTimeNanos=0, setName='atlas-azxgws-shard-0', canonicalAddress=ac-yqsentr-shard-00-01.z7wl0n4.mongodb.net:27017, hosts=[ac-yqsentr-shard-00-00.z7wl0n4.mongodb.net:27017, ac-yqsentr-shard-00-01.z7wl0n4.mongodb.net:27017, ac-yqsentr-shard-00-02.z7wl0n4.mongodb.net:27017], passives=[], arbiters=[], primary='ac-yqsentr-shard-00-02.z7wl0n4.mongodb.net:27017', tagSet=TagSet{[Tag{name='availabilityZone', value='mes1-az2'}, Tag{name='diskState', value='READY'}, Tag{name='nodeType', value='ELECTABLE'}, Tag{name='provider', value='AWS'}, Tag{name='region', value='ME_SOUTH_1'}, Tag{name='workloadType', value='OPERATIONAL'}]}, electionId=null, setVersion=4, topologyVersion=TopologyVersion{processId=689b7095a097f16c1b5575a6, counter=3}, lastWriteDate=Tue Aug 12 22:42:39 IDT 2025, lastUpdateTimeNanos=25057229601708}
2025-08-12T22:42:40.374+03:00  INFO 90968 --- [ChatApp] [ngodb.net:27017] org.mongodb.driver.cluster               : Monitor thread successfully connected to server with description ServerDescription{address=ac-yqsentr-shard-00-00.z7wl0n4.mongodb.net:27017, type=REPLICA_SET_SECONDARY, cryptd=false, state=CONNECTED, ok=true, minWireVersion=0, maxWireVersion=25, maxDocumentSize=16777216, logicalSessionTimeoutMinutes=30, roundTripTimeNanos=400975167, minRoundTripTimeNanos=0, setName='atlas-azxgws-shard-0', canonicalAddress=ac-yqsentr-shard-00-00.z7wl0n4.mongodb.net:27017, hosts=[ac-yqsentr-shard-00-00.z7wl0n4.mongodb.net:27017, ac-yqsentr-shard-00-01.z7wl0n4.mongodb.net:27017, ac-yqsentr-shard-00-02.z7wl0n4.mongodb.net:27017], passives=[], arbiters=[], primary='ac-yqsentr-shard-00-02.z7wl0n4.mongodb.net:27017', tagSet=TagSet{[Tag{name='availabilityZone', value='mes1-az1'}, Tag{name='diskState', value='READY'}, Tag{name='nodeType', value='ELECTABLE'}, Tag{name='provider', value='AWS'}, Tag{name='region', value='ME_SOUTH_1'}, Tag{name='workloadType', value='OPERATIONAL'}]}, electionId=null, setVersion=4, topologyVersion=TopologyVersion{processId=689b6a9d360de9f55230a74f, counter=4}, lastWriteDate=Tue Aug 12 22:42:39 IDT 2025, lastUpdateTimeNanos=25057232890958}
]]></system-out>
    <system-err><![CDATA[Mockito is currently self-attaching to enable the inline-mock-maker. This will no longer work in future releases of the JDK. Please add Mockito as an agent to your build as described in Mockito's documentation: https://javadoc.io/doc/org.mockito/mockito-core/latest/org.mockito/org/mockito/Mockito.html#0.3
WARNING: A Java agent has been loaded dynamically (/Users/fahedabukaf/.m2/repository/net/bytebuddy/byte-buddy-agent/1.17.6/byte-buddy-agent-1.17.6.jar)
WARNING: If a serviceability tool is in use, please run with -XX:+EnableDynamicAgentLoading to hide this warning
WARNING: If a serviceability tool is not in use, please run with -Djdk.instrument.traceUsage for more information
WARNING: Dynamic loading of agents will be disallowed by default in a future release
]]></system-err>
  </testcase>
</testsuite>